[10/12/2023 - 19:17] - [10/12/2023 - 19:17] - [^3ADMIN^0] Adminul Bogdanb6 a creat masina t20!
[10/12/2023 - 19:19] - [10/12/2023 - 19:19] - [^3ADMIN^0] Adminul Bogdanb6 a creat masina dinka sugoi!
[10/12/2023 - 19:19] - [10/12/2023 - 19:19] - [^3ADMIN^0] Adminul Bogdanb6 a creat masina Dinka!
[10/12/2023 - 19:31] - [10/12/2023 - 19:31] - [^3ADMIN^0] Adminul Bogdanb6 a reparat masina in care se afla!
[10/12/2023 - 20:14] - [10/12/2023 - 20:14] - [^3ADMIN^0] Adminul Bogdanb6 a activat ^3Noclip^0.
[10/12/2023 - 20:15] - [10/12/2023 - 20:15] - [^3ADMIN^0] Adminul Bogdanb6 a dezactivat ^3Noclip^0.
[10/12/2023 - 20:18] - [10/12/2023 - 20:18] - [^3ADMIN^0] Adminul Bogdanb6 a activat ^3Noclip^0.
[10/12/2023 - 20:18] - [10/12/2023 - 20:18] - [^3ADMIN^0] Adminul Bogdanb6 a dezactivat ^3Noclip^0.
[10/12/2023 - 20:18] - [10/12/2023 - 20:18] - [^3ADMIN^0] Adminul Bogdanb6 a activat ^3Noclip^0.
[10/12/2023 - 20:18] - [10/12/2023 - 20:18] - [^3ADMIN^0] Adminul Bogdanb6 a dezactivat ^3Noclip^0.
[10/12/2023 - 20:18] - [10/12/2023 - 20:18] - [^3ADMIN^0] Adminul Bogdanb6 a activat ^3Noclip^0.
[10/12/2023 - 20:19] - [10/12/2023 - 20:19] - [^3ADMIN^0] Adminul Bogdanb6 a dezactivat ^3Noclip^0.
[10/12/2023 - 20:19] - [10/12/2023 - 20:19] - [^3ADMIN^0] Adminul Bogdanb6 a activat ^3Noclip^0.
[10/12/2023 - 20:19] - [10/12/2023 - 20:19] - [^3ADMIN^0] Adminul Bogdanb6 a dezactivat ^3Noclip^0.
[10/12/2023 - 20:20] - [10/12/2023 - 20:20] - [^3ADMIN^0] Adminul Bogdanb6 a activat ^3Noclip^0.
[10/12/2023 - 20:20] - [10/12/2023 - 20:20] - [^3ADMIN^0] Adminul Bogdanb6 a dezactivat ^3Noclip^0.
[10/12/2023 - 20:21] - [10/12/2023 - 20:21] - [^3ADMIN^0] Adminul Bogdanb6 a activat ^3Noclip^0.
[10/12/2023 - 20:21] - [10/12/2023 - 20:21] - [^3ADMIN^0] Adminul Bogdanb6 a dezactivat ^3Noclip^0.
[10/12/2023 - 20:21] - [10/12/2023 - 20:21] - [^3ADMIN^0] Adminul Bogdanb6 a activat ^3Noclip^0.
[10/12/2023 - 20:22] - [10/12/2023 - 20:22] - [^3ADMIN^0] Adminul Bogdanb6 a dezactivat ^3Noclip^0.
[10/12/2023 - 20:24] - [10/12/2023 - 20:24] - [^3ADMIN^0] Adminul Bogdanb6 a activat ^3Noclip^0.
[10/12/2023 - 20:24] - [10/12/2023 - 20:24] - [^3ADMIN^0] Adminul Bogdanb6 a dezactivat ^3Noclip^0.
[10/12/2023 - 20:26] - [10/12/2023 - 20:26] - [^3ADMIN^0] Adminul Bogdanb6 a activat ^3Noclip^0.
[10/12/2023 - 20:26] - [10/12/2023 - 20:26] - [^3ADMIN^0] Adminul Bogdanb6 a dezactivat ^3Noclip^0.
[10/12/2023 - 20:31] - [10/12/2023 - 20:31] - [^3ADMIN^0] Adminul Bogdanb6 a activat ^3Noclip^0.
[10/12/2023 - 20:31] - [10/12/2023 - 20:31] - [^3ADMIN^0] Adminul Bogdanb6 a dezactivat ^3Noclip^0.
[10/12/2023 - 20:32] - [10/12/2023 - 20:32] - [^3ADMIN^0] Adminul Bogdanb6 a activat ^3Noclip^0.
[10/12/2023 - 20:32] - [10/12/2023 - 20:32] - [^3ADMIN^0] Adminul Bogdanb6 a dezactivat ^3Noclip^0.
[10/12/2023 - 20:33] - [10/12/2023 - 20:33] - [^3ADMIN^0] Adminul Bogdanb6 a activat ^3Noclip^0.
[10/12/2023 - 20:33] - [10/12/2023 - 20:33] - [^3ADMIN^0] Adminul Bogdanb6 a dezactivat ^3Noclip^0.
[10/12/2023 - 20:39] - [10/12/2023 - 20:39] - [^3ADMIN^0] Adminul Bogdanb6 a activat ^3Noclip^0.
[10/12/2023 - 20:39] - [10/12/2023 - 20:39] - [^3ADMIN^0] Adminul Bogdanb6 a dezactivat ^3Noclip^0.
[10/12/2023 - 20:41] - [10/12/2023 - 20:41] - [^3ADMIN^0] Adminul Bogdanb6 a activat ^3Noclip^0.
[10/12/2023 - 20:42] - [10/12/2023 - 20:42] - [^3ADMIN^0] Adminul Bogdanb6 a dezactivat ^3Noclip^0.
[10/12/2023 - 20:42] - [10/12/2023 - 20:42] - [^3ADMIN^0] Adminul Bogdanb6 a inchis jucatorul notraisen[12] pe motivul: nu am putere!
[10/12/2023 - 20:43] - [10/12/2023 - 20:43] - [^3ADMIN^0] Adminul Bogdanb6 a activat ^3Noclip^0.
[10/12/2023 - 20:43] - [10/12/2023 - 20:43] - [^3ADMIN^0] Adminul Bogdanb6 a dezactivat ^3Noclip^0.
[10/12/2023 - 20:43] - [10/12/2023 - 20:43] - [^3ADMIN^0] Adminul Bogdanb6 a creat masina t20!