[23/11/2023 - 21:51] - [23/11/2023 - 21:51] - [^3ADMIN^0] Adminul BOGDAN FLORYN 1 a activat ^3Noclip^0.
[23/11/2023 - 21:51] - [23/11/2023 - 21:51] - [^3ADMIN^0] Adminul BOGDAN FLORYN 1 a dezactivat ^3Noclip^0.
[23/11/2023 - 21:56] - [23/11/2023 - 21:56] - [^3ADMIN^0] Adminul BOGDAN FLORYN 1 a adaugat Rainbow masinii: Truffade Thrax!
[23/11/2023 - 21:57] - [23/11/2023 - 21:57] - [^3ADMIN^0] Adminul BOGDAN FLORYN 1 a creat masina T20!
[23/11/2023 - 21:58] - [23/11/2023 - 21:58] - [^3ADMIN^0] Adminul BOGDAN FLORYN 1 a creat masina ZENTORNO!
[23/11/2023 - 21:58] - [23/11/2023 - 21:58] - [^3ADMIN^0] Adminul BOGDAN FLORYN 1 a creat masina JESTER!
[23/11/2023 - 21:59] - [23/11/2023 - 21:59] - [^3ADMIN^0] Adminul BOGDAN FLORYN 1 a activat ^3Noclip^0.
[23/11/2023 - 22:08] - [23/11/2023 - 22:08] - [^3ADMIN^0] Adminul BOGDAN FLORYN 1 a dezactivat ^3Noclip^0.
[23/11/2023 - 22:35] - [23/11/2023 - 22:35] - [^3ADMIN^0] Adminul BOGDAN FLORYN 1 a activat ^3Noclip^0.
[23/11/2023 - 22:36] - [23/11/2023 - 22:36] - [^3ADMIN^0] Adminul BOGDAN FLORYN 1 a activat ^3Noclip^0.
[23/11/2023 - 22:36] - [23/11/2023 - 22:36] - [^3ADMIN^0] Adminul BOGDAN FLORYN 1 a dezactivat ^3Noclip^0.
[23/11/2023 - 22:36] - [23/11/2023 - 22:36] - [^3ADMIN^0] Adminul BOGDAN FLORYN 1 a activat ^3Noclip^0.
[23/11/2023 - 22:36] - [23/11/2023 - 22:36] - [^3ADMIN^0] Adminul BOGDAN FLORYN 1 a activat ^3Noclip^0.
[23/11/2023 - 22:37] - [23/11/2023 - 22:37] - [^3ADMIN^0] Adminul BOGDAN FLORYN 1 a activat ^3Noclip^0.
[23/11/2023 - 22:38] - [23/11/2023 - 22:38] - [^3ADMIN^0] Adminul BOGDAN FLORYN 1 a activat ^3Noclip^0.
[23/11/2023 - 22:38] - [23/11/2023 - 22:38] - [^3ADMIN^0] Adminul BOGDAN FLORYN 1 a dezactivat ^3Noclip^0.
[23/11/2023 - 22:38] - [23/11/2023 - 22:38] - [^3ADMIN^0] Adminul BOGDAN FLORYN 1 a activat ^3Noclip^0.
[23/11/2023 - 22:39] - [23/11/2023 - 22:39] - [^3ADMIN^0] Adminul BOGDAN FLORYN 1 a activat ^3Noclip^0.
[23/11/2023 - 22:39] - [23/11/2023 - 22:39] - [^3ADMIN^0] Adminul BOGDAN FLORYN 1 a dezactivat ^3Noclip^0.
[23/11/2023 - 22:39] - [23/11/2023 - 22:39] - [^3ADMIN^0] Adminul BOGDAN FLORYN 1 a activat ^3Noclip^0.
[23/11/2023 - 22:39] - [23/11/2023 - 22:39] - [^3ADMIN^0] Adminul BOGDAN FLORYN 1 a dezactivat ^3Noclip^0.
[23/11/2023 - 22:43] - [23/11/2023 - 22:43] - [^3ADMIN^0] Adminul BOGDAN FLORYN 1 i-a setat lui BOGDAN FLORYN 1 factiunea Politia Romana!
[27/11/2023 - 18:38] - [27/11/2023 - 18:38] - [^3ADMIN^0] Adminul BOGDAN FLORYN 1 a activat godmode!
[27/11/2023 - 18:38] - [27/11/2023 - 18:38] - [^3ADMIN^0] Adminul BOGDAN FLORYN 1 a dezactivat godmode!
[27/11/2023 - 18:38] - [27/11/2023 - 18:38] - [^3ADMIN^0] Adminul BOGDAN FLORYN 1 a creat masina t20!
[27/11/2023 - 21:13] - [27/11/2023 - 21:13] - [^3ADMIN^0] Adminul BOGDAN FLORYN 1 a activat ^3Noclip^0.
[27/11/2023 - 21:13] - [27/11/2023 - 21:13] - [^3ADMIN^0] Adminul BOGDAN FLORYN 1 a dezactivat ^3Noclip^0.
[27/11/2023 - 21:18] - [27/11/2023 - 21:18] - [^3ADMIN^0] Adminul BOGDAN FLORYN 1 a activat ^3Noclip^0.
[27/11/2023 - 21:18] - [27/11/2023 - 21:18] - [^3ADMIN^0] Adminul BOGDAN FLORYN 1 a dezactivat ^3Noclip^0.
[27/11/2023 - 21:19] - [27/11/2023 - 21:19] - [^3ADMIN^0] Adminul BOGDAN FLORYN 1 a activat ^3Noclip^0.
[27/11/2023 - 21:44] - [27/11/2023 - 21:44] - [^3ADMIN^0] Adminul BOGDAN FLORYN 1 a activat ^3Noclip^0.
[27/11/2023 - 21:44] - [27/11/2023 - 21:44] - [^3ADMIN^0] Adminul BOGDAN FLORYN 1 a dezactivat ^3Noclip^0.
[27/11/2023 - 21:45] - [27/11/2023 - 21:45] - [^3ADMIN^0] Adminul BOGDAN FLORYN 1 a activat ^3Noclip^0.
[27/11/2023 - 21:45] - [27/11/2023 - 21:45] - [^3ADMIN^0] Adminul BOGDAN FLORYN 1 a dezactivat ^3Noclip^0.
[27/11/2023 - 21:45] - [27/11/2023 - 21:45] - [^3ADMIN^0] Adminul BOGDAN FLORYN 1 a activat ^3Noclip^0.
[27/11/2023 - 21:45] - [27/11/2023 - 21:45] - [^3ADMIN^0] Adminul BOGDAN FLORYN 1 a dezactivat ^3Noclip^0.
[27/11/2023 - 21:45] - [27/11/2023 - 21:45] - [^3ADMIN^0] Adminul BOGDAN FLORYN 1 a activat ^3Noclip^0.
[27/11/2023 - 21:45] - [27/11/2023 - 21:45] - [^3ADMIN^0] Adminul BOGDAN FLORYN 1 a dezactivat ^3Noclip^0.
[27/11/2023 - 21:45] - [27/11/2023 - 21:45] - [^3ADMIN^0] Adminul BOGDAN FLORYN 1 a activat ^3Noclip^0.
[27/11/2023 - 21:45] - [27/11/2023 - 21:45] - [^3ADMIN^0] Adminul BOGDAN FLORYN 1 a dezactivat ^3Noclip^0.
[27/11/2023 - 21:45] - [27/11/2023 - 21:45] - [^3ADMIN^0] Adminul BOGDAN FLORYN 1 a activat ^3Noclip^0.
[27/11/2023 - 21:45] - [27/11/2023 - 21:45] - [^3ADMIN^0] Adminul BOGDAN FLORYN 1 a dezactivat ^3Noclip^0.
[27/11/2023 - 21:45] - [27/11/2023 - 21:45] - [^3ADMIN^0] Adminul BOGDAN FLORYN 1 a activat ^3Noclip^0.
[27/11/2023 - 21:45] - [27/11/2023 - 21:45] - [^3ADMIN^0] Adminul BOGDAN FLORYN 1 a dezactivat ^3Noclip^0.
[27/11/2023 - 21:50] - [27/11/2023 - 21:50] - [^3ADMIN^0] Adminul BOGDAN FLORYN 1 a activat ^3Noclip^0.
[27/11/2023 - 21:50] - [27/11/2023 - 21:50] - [^3ADMIN^0] Adminul BOGDAN FLORYN 1 a activat ^3Noclip^0.
[27/11/2023 - 21:50] - [27/11/2023 - 21:50] - [^3ADMIN^0] Adminul BOGDAN FLORYN 1 a dezactivat ^3Noclip^0.
[27/11/2023 - 21:51] - [27/11/2023 - 21:51] - [^3ADMIN^0] Adminul BOGDAN FLORYN 1 a activat ^3Noclip^0.
[27/11/2023 - 21:51] - [27/11/2023 - 21:51] - [^3ADMIN^0] Adminul BOGDAN FLORYN 1 a dezactivat ^3Noclip^0.