[23/11/2023 - 21:06] - [23/11/2023 - 21:06] - [^3ADMIN^0] Adminul Shark Armando a activat ^3Noclip^0.
[23/11/2023 - 21:06] - [23/11/2023 - 21:06] - [^3ADMIN^0] Adminul Shark Armando a dezactivat ^3Noclip^0.
[23/11/2023 - 21:06] - [23/11/2023 - 21:06] - [^3ADMIN^0] Adminul Shark Armando a activat ^3Noclip^0.
[23/11/2023 - 21:06] - [23/11/2023 - 21:06] - [^3ADMIN^0] Adminul Shark Armando a dezactivat ^3Noclip^0.
[23/11/2023 - 21:08] - [23/11/2023 - 21:08] - [^3ADMIN^0] Adminul Shark Armando a activat ^3Noclip^0.
[23/11/2023 - 21:08] - [23/11/2023 - 21:08] - [^3ADMIN^0] Adminul Shark Armando a dezactivat ^3Noclip^0.
[23/11/2023 - 21:08] - [23/11/2023 - 21:08] - [^3ADMIN^0] Adminul Shark Armando a activat ^3Noclip^0.
[23/11/2023 - 21:08] - [23/11/2023 - 21:08] - [^3ADMIN^0] Adminul Shark Armando a dezactivat ^3Noclip^0.
[25/11/2023 - 16:49] - [25/11/2023 - 16:49] - [^3ADMIN^0] Adminul Shark Armando a creat masina jester3!
[29/11/2023 - 22:39] - [29/11/2023 - 22:39] - [^3ADMIN^0] Adminul Shark Armando a creat masina hydra!
[29/11/2023 - 22:41] - [29/11/2023 - 22:41] - [^3ADMIN^0] Adminul Shark Armando a creat masina dinka!
[29/11/2023 - 22:41] - [29/11/2023 - 22:41] - [^3ADMIN^0] Adminul Shark Armando a creat masina blizzard!
[29/11/2023 - 22:41] - [29/11/2023 - 22:41] - [^3ADMIN^0] Adminul Shark Armando a creat masina ROCKET !
[29/11/2023 - 22:41] - [29/11/2023 - 22:41] - [^3ADMIN^0] Adminul Shark Armando a creat masina ROCKET!
[29/11/2023 - 22:42] - [29/11/2023 - 22:42] - [^3ADMIN^0] Adminul Shark Armando a creat masina comet!
[29/11/2023 - 22:42] - [29/11/2023 - 22:42] - [^3ADMIN^0] Adminul Shark Armando a creat masina RAPIDGT!
[29/11/2023 - 22:42] - [29/11/2023 - 22:42] - [^3ADMIN^0] Adminul Shark Armando a creat masina DEATHCAR!
[29/11/2023 - 22:43] - [29/11/2023 - 22:43] - [^3ADMIN^0] Adminul Shark Armando a creat masina COMET!
[29/11/2023 - 22:43] - [29/11/2023 - 22:43] - [^3ADMIN^0] Adminul Shark Armando a creat masina rapidgt!
[29/11/2023 - 22:44] - [29/11/2023 - 22:44] - [^3ADMIN^0] Adminul Shark Armando a activat ^3Noclip^0.
[29/11/2023 - 22:44] - [29/11/2023 - 22:44] - [^3ADMIN^0] Adminul Shark Armando a dezactivat ^3Noclip^0.
[29/11/2023 - 22:46] - [29/11/2023 - 22:46] - [^3ADMIN^0] Adminul Shark Armando a activat ^3Noclip^0.
[29/11/2023 - 22:46] - [29/11/2023 - 22:46] - [^3ADMIN^0] Adminul Shark Armando a dezactivat ^3Noclip^0.
[29/11/2023 - 22:48] - [29/11/2023 - 22:48] - [^3ADMIN^0] Adminul Shark Armando i-a oferit lui Shark Armando[11] 70,000$!
[29/11/2023 - 22:51] - [29/11/2023 - 22:51] - [^3ADMIN^0] Adminul Shark Armando i-a oferit lui Shark Armando[11] 70,000$!
[29/11/2023 - 22:55] - [29/11/2023 - 22:55] - [^3ADMIN^0] Adminul Shark Armando a activat ^3Noclip^0.
[29/11/2023 - 22:55] - [29/11/2023 - 22:55] - [^3ADMIN^0] Adminul Shark Armando a dezactivat ^3Noclip^0.
[29/11/2023 - 22:57] - [29/11/2023 - 22:57] - [^3ADMIN^0] Adminul Shark Armando a creat masina hydra!
[29/11/2023 - 23:03] - [29/11/2023 - 23:03] - [^3ADMIN^0] Adminul Shark Armando a creat masina rapidgt!
[29/11/2023 - 23:04] - [29/11/2023 - 23:04] - [^3ADMIN^0] Adminul Shark Armando a activat ^3Noclip^0.
[29/11/2023 - 23:04] - [29/11/2023 - 23:04] - [^3ADMIN^0] Adminul Shark Armando a dezactivat ^3Noclip^0.
[29/11/2023 - 23:07] - [29/11/2023 - 23:07] - [^3ADMIN^0] Adminul Shark Armando a activat ^3Noclip^0.
[29/11/2023 - 23:07] - [29/11/2023 - 23:07] - [^3ADMIN^0] Adminul Shark Armando a dezactivat ^3Noclip^0.
[29/11/2023 - 23:07] - [29/11/2023 - 23:07] - [^3ADMIN^0] Adminul Shark Armando a activat ^3Noclip^0.
[29/11/2023 - 23:07] - [29/11/2023 - 23:07] - [^3ADMIN^0] Adminul Shark Armando a dezactivat ^3Noclip^0.
[29/11/2023 - 23:08] - [29/11/2023 - 23:08] - [^3ADMIN^0] Adminul Shark Armando a activat ^3Noclip^0.
[29/11/2023 - 23:08] - [29/11/2023 - 23:08] - [^3ADMIN^0] Adminul Shark Armando a dezactivat ^3Noclip^0.
[29/11/2023 - 23:08] - [29/11/2023 - 23:08] - [^3ADMIN^0] Adminul Shark Armando a creat masina deluxo!
[29/11/2023 - 23:09] - [29/11/2023 - 23:09] - [^3ADMIN^0] Adminul Shark Armando a creat masina deluxo!
[02/12/2023 - 02:32] - [02/12/2023 - 02:32] - [^3ADMIN^0] Adminul Shark Armando a activat ^3Noclip^0.
[02/12/2023 - 02:32] - [02/12/2023 - 02:32] - [^3ADMIN^0] Adminul Shark Armando a dezactivat ^3Noclip^0.
[02/12/2023 - 02:32] - [02/12/2023 - 02:32] - [^3ADMIN^0] Adminul Shark Armando a activat ^3Noclip^0.
[02/12/2023 - 02:32] - [02/12/2023 - 02:32] - [^3ADMIN^0] Adminul Shark Armando a dezactivat ^3Noclip^0.
[02/12/2023 - 02:32] - [02/12/2023 - 02:32] - [^3ADMIN^0] Adminul Shark Armando a activat ^3Noclip^0.
[02/12/2023 - 02:32] - [02/12/2023 - 02:32] - [^3ADMIN^0] Adminul Shark Armando a dezactivat ^3Noclip^0.
[02/12/2023 - 02:32] - [02/12/2023 - 02:32] - [^3ADMIN^0] Adminul Shark Armando a activat ^3Noclip^0.
[02/12/2023 - 02:32] - [02/12/2023 - 02:32] - [^3ADMIN^0] Adminul Shark Armando a dezactivat ^3Noclip^0.
[02/12/2023 - 02:33] - [02/12/2023 - 02:33] - [^3ADMIN^0] Adminul Shark Armando a activat ^3Noclip^0.
[02/12/2023 - 02:33] - [02/12/2023 - 02:33] - [^3ADMIN^0] Adminul Shark Armando a dezactivat ^3Noclip^0.
[02/12/2023 - 02:33] - [02/12/2023 - 02:33] - [^3ADMIN^0] Adminul Shark Armando a activat ^3Noclip^0.
[02/12/2023 - 02:33] - [02/12/2023 - 02:33] - [^3ADMIN^0] Adminul Shark Armando a dezactivat ^3Noclip^0.