[20/11/2023 - 21:10] - [20/11/2023 - 21:10] - [^3ADMIN^0] Adminul zeen s-a teleportat la afacerea cu numele: 24/7 Paleto!
[20/11/2023 - 21:10] - [20/11/2023 - 21:10] - [^3ADMIN^0] Adminul zeen a activat ^3Noclip^0.
[20/11/2023 - 21:10] - [20/11/2023 - 21:10] - [^3ADMIN^0] Adminul zeen a dezactivat ^3Noclip^0.
[20/11/2023 - 21:10] - [20/11/2023 - 21:10] - [^3ADMIN^0] Adminul zeen a activat ^3Noclip^0.
[20/11/2023 - 21:10] - [20/11/2023 - 21:10] - [^3ADMIN^0] Adminul zeen a dezactivat ^3Noclip^0.
[20/11/2023 - 21:10] - [20/11/2023 - 21:10] - [^3ADMIN^0] Adminul zeen s-a teleportat la afacerea cu numele: Haine Paleto!
[20/11/2023 - 21:11] - [20/11/2023 - 21:11] - [^3ADMIN^0] Adminul zeen i-a oferit lui zeen[8] 100,000$!
[20/11/2023 - 21:13] - [20/11/2023 - 21:13] - [^3ADMIN^0] Adminul zeen a activat ^3Noclip^0.
[20/11/2023 - 21:13] - [20/11/2023 - 21:13] - [^3ADMIN^0] Adminul zeen a dezactivat ^3Noclip^0.
[20/11/2023 - 21:13] - [20/11/2023 - 21:13] - [^3ADMIN^0] Adminul zeen a activat ^3Noclip^0.
[20/11/2023 - 21:13] - [20/11/2023 - 21:13] - [^3ADMIN^0] Adminul zeen a dezactivat ^3Noclip^0.
[20/11/2023 - 21:14] - [20/11/2023 - 21:14] - [^3ADMIN^0] Adminul zeen a activat ^3Noclip^0.
[20/11/2023 - 21:14] - [20/11/2023 - 21:14] - [^3ADMIN^0] Adminul zeen a dezactivat ^3Noclip^0.
[20/11/2023 - 21:15] - [20/11/2023 - 21:15] - [^3ADMIN^0] Adminul zeen a activat ^3Noclip^0.
[20/11/2023 - 21:15] - [20/11/2023 - 21:15] - [^3ADMIN^0] Adminul zeen a dezactivat ^3Noclip^0.
[20/11/2023 - 21:16] - [20/11/2023 - 21:16] - [^3ADMIN^0] Adminul zeen a activat ^3Noclip^0.
[20/11/2023 - 21:16] - [20/11/2023 - 21:16] - [^3ADMIN^0] Adminul zeen a dezactivat ^3Noclip^0.
[20/11/2023 - 21:16] - [20/11/2023 - 21:16] - [^3ADMIN^0] Adminul zeen a activat ^3Noclip^0.
[20/11/2023 - 21:16] - [20/11/2023 - 21:16] - [^3ADMIN^0] Adminul zeen a dezactivat ^3Noclip^0.
[20/11/2023 - 21:16] - [20/11/2023 - 21:16] - [^3ADMIN^0] Adminul zeen i-a oferit lui zeen[8] 100,000,000$!
[20/11/2023 - 21:21] - [20/11/2023 - 21:21] - [^3ADMIN^0] Adminul zeen a activat ^3Noclip^0.
[20/11/2023 - 21:21] - [20/11/2023 - 21:21] - [^3ADMIN^0] Adminul zeen a activat ^3Noclip^0.
[20/11/2023 - 21:21] - [20/11/2023 - 21:21] - [^3ADMIN^0] Adminul zeen a dezactivat ^3Noclip^0.
[20/11/2023 - 21:24] - [20/11/2023 - 21:24] - [^3ADMIN^0] Adminul zeen a activat ^3Noclip^0.
[20/11/2023 - 21:24] - [20/11/2023 - 21:24] - [^3ADMIN^0] Adminul zeen a dezactivat ^3Noclip^0.
[20/11/2023 - 21:24] - [20/11/2023 - 21:24] - [^3ADMIN^0] Adminul zeen a activat ^3Noclip^0.
[20/11/2023 - 21:24] - [20/11/2023 - 21:24] - [^3ADMIN^0] Adminul zeen a dezactivat ^3Noclip^0.
[20/11/2023 - 21:24] - [20/11/2023 - 21:24] - [^3ADMIN^0] Adminul zeen s-a teleportat la zeen!
[20/11/2023 - 21:27] - [20/11/2023 - 21:27] - [^3ADMIN^0] Adminul zeen i-a setat lui zeen factiunea Politia Romana!
[20/11/2023 - 21:30] - [20/11/2023 - 21:30] - [^3ADMIN^0] Adminul zeen a activat ^3Noclip^0.
[20/11/2023 - 21:31] - [20/11/2023 - 21:31] - [^3ADMIN^0] Adminul zeen a activat ^3Noclip^0.
[20/11/2023 - 21:31] - [20/11/2023 - 21:31] - [^3ADMIN^0] Adminul zeen a dezactivat ^3Noclip^0.
[20/11/2023 - 21:31] - [20/11/2023 - 21:31] - [^3ADMIN^0] Adminul zeen a activat ^3Noclip^0.
[20/11/2023 - 21:31] - [20/11/2023 - 21:31] - [^3ADMIN^0] Adminul zeen a dezactivat ^3Noclip^0.
[20/11/2023 - 21:31] - [20/11/2023 - 21:31] - [^3ADMIN^0] Adminul zeen i-a setat lui zeen factiunea Politia Romana!
[20/11/2023 - 21:32] - [20/11/2023 - 21:32] - [^3ADMIN^0] Adminul zeen a activat ^3Noclip^0.
[20/11/2023 - 21:33] - [20/11/2023 - 21:33] - [^3ADMIN^0] Adminul zeen a dezactivat ^3Noclip^0.
[20/11/2023 - 22:35] - [20/11/2023 - 22:35] - [^3ADMIN^0] Adminul zeen s-a teleportat la notraisen!