[20/11/2023 - 18:31] - [^3ADMIN^0] Adminul notraisen a activat godmode!
[20/11/2023 - 18:58] - [^3ADMIN^0] Adminul notraisen a activat ^3Noclip^0.
[20/11/2023 - 18:58] - [^3ADMIN^0] Adminul notraisen a dezactivat ^3Noclip^0.
[20/11/2023 - 18:58] - [^3ADMIN^0] Adminul notraisen a activat ^3Noclip^0.
[20/11/2023 - 18:58] - [^3ADMIN^0] Adminul notraisen a dezactivat ^3Noclip^0.
[20/11/2023 - 20:36] - [^3ADMIN^0] Adminul notraisen a activat ^3Noclip^0.
[20/11/2023 - 20:36] - [^3ADMIN^0] Adminul notraisen a dezactivat ^3Noclip^0.
[20/11/2023 - 20:36] - [^3ADMIN^0] Adminul notraisen a activat ^3Noclip^0.
[20/11/2023 - 20:36] - [^3ADMIN^0] Adminul notraisen a copiat coordonatele!
[20/11/2023 - 20:38] - [^3ADMIN^0] Adminul notraisen a activat ^3Noclip^0.
[20/11/2023 - 20:39] - [^3ADMIN^0] Adminul notraisen a activat ^3Noclip^0.
[20/11/2023 - 20:39] - [^3ADMIN^0] Adminul notraisen a dezactivat ^3Noclip^0.
[20/11/2023 - 20:44] - [^3ADMIN^0] Adminul notraisen a activat ^3Noclip^0.
[20/11/2023 - 20:44] - [^3ADMIN^0] Adminul notraisen a dezactivat ^3Noclip^0.
[20/11/2023 - 20:44] - [^3ADMIN^0] Adminul notraisen a activat ^3Noclip^0.
[20/11/2023 - 20:44] - [^3ADMIN^0] Adminul notraisen a dezactivat ^3Noclip^0.
[20/11/2023 - 20:45] - [^3ADMIN^0] Adminul notraisen a activat ^3Noclip^0.
[20/11/2023 - 20:45] - [^3ADMIN^0] Adminul notraisen a dezactivat ^3Noclip^0.
[20/11/2023 - 20:45] - [^3ADMIN^0] Adminul notraisen a activat ^3Noclip^0.
[20/11/2023 - 20:45] - [^3ADMIN^0] Adminul notraisen a dezactivat ^3Noclip^0.
[20/11/2023 - 20:45] - [^3ADMIN^0] Adminul notraisen a activat ^3Noclip^0.
[20/11/2023 - 20:46] - [^3ADMIN^0] Adminul notraisen a dezactivat ^3Noclip^0.
[20/11/2023 - 20:46] - [^3ADMIN^0] Adminul notraisen a activat ^3Noclip^0.
[20/11/2023 - 20:46] - [^3ADMIN^0] Adminul notraisen a dezactivat ^3Noclip^0.
[20/11/2023 - 20:46] - [^3ADMIN^0] Adminul notraisen a activat ^3Noclip^0.
[20/11/2023 - 20:49] - [^3ADMIN^0] Adminul notraisen a activat ^3Noclip^0.
[20/11/2023 - 20:49] - [^3ADMIN^0] Adminul notraisen a dezactivat ^3Noclip^0.
[20/11/2023 - 20:50] - [^3ADMIN^0] Adminul notraisen a activat ^3Noclip^0.
[20/11/2023 - 20:50] - [^3ADMIN^0] Adminul notraisen a dezactivat ^3Noclip^0.
[20/11/2023 - 20:51] - [^3ADMIN^0] Adminul notraisen a activat ^3Noclip^0.
[20/11/2023 - 20:51] - [^3ADMIN^0] Adminul notraisen a dezactivat ^3Noclip^0.
[20/11/2023 - 20:51] - [^3ADMIN^0] Adminul notraisen a activat ^3Noclip^0.
[20/11/2023 - 20:51] - [^3ADMIN^0] Adminul notraisen a dezactivat ^3Noclip^0.
[20/11/2023 - 20:51] - [^3ADMIN^0] Adminul notraisen a activat ^3Noclip^0.
[20/11/2023 - 20:51] - [^3ADMIN^0] Adminul notraisen a dezactivat ^3Noclip^0.
[20/11/2023 - 20:54] - [^3ADMIN^0] Adminul notraisen l-a teleportat pe notraisen la el!
[20/11/2023 - 20:54] - [^3ADMIN^0] Adminul notraisen l-a respawnat pe notraisen!
[20/11/2023 - 20:54] - [^3ADMIN^0] Adminul notraisen l-a teleportat pe notraisen la el!
[20/11/2023 - 20:55] - [^3ADMIN^0] Adminul notraisen a activat ^3Noclip^0.
[20/11/2023 - 20:55] - [^3ADMIN^0] Adminul notraisen a dezactivat ^3Noclip^0.
[20/11/2023 - 21:00] - [^3ADMIN^0] Adminul notraisen a activat ^3Noclip^0.
[20/11/2023 - 21:00] - [^3ADMIN^0] Adminul notraisen a dezactivat ^3Noclip^0.
[20/11/2023 - 21:01] - [^3ADMIN^0] Adminul notraisen s-a teleportat la zeen!
[20/11/2023 - 21:03] - a luat ticket-ul cu id-ul 1
[20/11/2023 - 21:03] - a rezolvat ticket-ul cu id-ul 1
[20/11/2023 - 21:04] - [^3ADMIN^0] Adminul notraisen s-a teleportat la zeen!
[20/11/2023 - 21:06] - [^3ADMIN^0] Adminul notraisen s-a teleportat la zeen!
[20/11/2023 - 21:06] - [^3ADMIN^0] Adminul notraisen l-a teleportat pe zeen la el!
[20/11/2023 - 21:07] - [^3ADMIN^0] Adminul notraisen l-a teleportat pe zeen la el!
[20/11/2023 - 21:07] - [^3ADMIN^0] Adminul notraisen i-a setat lui zeen admin level 7!
[20/11/2023 - 21:10] - [^3ADMIN^0] Adminul zeen s-a teleportat la afacerea cu numele: 24/7 Paleto!
[20/11/2023 - 21:10] - [^3ADMIN^0] Adminul zeen a activat ^3Noclip^0.
[20/11/2023 - 21:10] - [^3ADMIN^0] Adminul zeen a dezactivat ^3Noclip^0.
[20/11/2023 - 21:10] - [^3ADMIN^0] Adminul zeen a activat ^3Noclip^0.
[20/11/2023 - 21:10] - [^3ADMIN^0] Adminul zeen a dezactivat ^3Noclip^0.
[20/11/2023 - 21:10] - [^3ADMIN^0] Adminul zeen s-a teleportat la afacerea cu numele: Haine Paleto!
[20/11/2023 - 21:11] - [^3ADMIN^0] Adminul zeen i-a oferit lui zeen[8] 100,000$!
[20/11/2023 - 21:13] - [^3ADMIN^0] Adminul zeen a activat ^3Noclip^0.
[20/11/2023 - 21:13] - [^3ADMIN^0] Adminul zeen a dezactivat ^3Noclip^0.
[20/11/2023 - 21:13] - [^3ADMIN^0] Adminul zeen a activat ^3Noclip^0.
[20/11/2023 - 21:13] - [^3ADMIN^0] Adminul zeen a dezactivat ^3Noclip^0.
[20/11/2023 - 21:14] - [^3ADMIN^0] Adminul zeen a activat ^3Noclip^0.
[20/11/2023 - 21:14] - [^3ADMIN^0] Adminul zeen a dezactivat ^3Noclip^0.
[20/11/2023 - 21:15] - [^3ADMIN^0] Adminul zeen a activat ^3Noclip^0.
[20/11/2023 - 21:15] - [^3ADMIN^0] Adminul zeen a dezactivat ^3Noclip^0.
[20/11/2023 - 21:16] - [^3ADMIN^0] Adminul zeen a activat ^3Noclip^0.
[20/11/2023 - 21:16] - [^3ADMIN^0] Adminul zeen a dezactivat ^3Noclip^0.
[20/11/2023 - 21:16] - [^3ADMIN^0] Adminul notraisen s-a teleportat la zeen!
[20/11/2023 - 21:16] - [^3ADMIN^0] Adminul notraisen a activat ^3Noclip^0.
[20/11/2023 - 21:16] - [^3ADMIN^0] Adminul zeen a activat ^3Noclip^0.
[20/11/2023 - 21:16] - [^3ADMIN^0] Adminul notraisen a dezactivat ^3Noclip^0.
[20/11/2023 - 21:16] - [^3ADMIN^0] Adminul zeen a dezactivat ^3Noclip^0.
[20/11/2023 - 21:16] - [^3ADMIN^0] Adminul notraisen a activat ^3Noclip^0.
[20/11/2023 - 21:16] - [^3ADMIN^0] Adminul notraisen a dezactivat ^3Noclip^0.
[20/11/2023 - 21:16] - [^3ADMIN^0] Adminul zeen i-a oferit lui zeen[8] 100,000,000$!
[20/11/2023 - 21:21] - [^3ADMIN^0] Adminul zeen a activat ^3Noclip^0.
[20/11/2023 - 21:21] - [^3ADMIN^0] Adminul notraisen l-a teleportat pe zeen la el!
[20/11/2023 - 21:21] - [^3ADMIN^0] Adminul notraisen l-a teleportat pe zeen la el!
[20/11/2023 - 21:21] - [^3ADMIN^0] Adminul notraisen l-a teleportat pe zeen la el!
[20/11/2023 - 21:21] - [^3ADMIN^0] Adminul notraisen l-a teleportat pe zeen la el!
[20/11/2023 - 21:21] - [^3ADMIN^0] Adminul zeen a activat ^3Noclip^0.
[20/11/2023 - 21:21] - [^3ADMIN^0] Adminul zeen a dezactivat ^3Noclip^0.
[20/11/2023 - 21:21] - [^3ADMIN^0] Adminul notraisen l-a teleportat pe zeen la el!
[20/11/2023 - 21:22] - [^3ADMIN^0] Adminul notraisen l-a teleportat pe zeen la el!
[20/11/2023 - 21:24] - [^3ADMIN^0] Adminul zeen a activat ^3Noclip^0.
[20/11/2023 - 21:24] - [^3ADMIN^0] Adminul zeen a dezactivat ^3Noclip^0.
[20/11/2023 - 21:24] - [^3ADMIN^0] Adminul zeen a activat ^3Noclip^0.
[20/11/2023 - 21:24] - [^3ADMIN^0] Adminul zeen a dezactivat ^3Noclip^0.
[20/11/2023 - 21:24] - [^3ADMIN^0] Adminul zeen s-a teleportat la zeen!
[20/11/2023 - 21:26] - [^3ADMIN^0] Adminul notraisen l-a respawnat pe zeen!
[20/11/2023 - 21:26] - [^3ADMIN^0] Adminul notraisen s-a teleportat la zeen!
[20/11/2023 - 21:27] - [^3ADMIN^0] Adminul zeen i-a setat lui zeen factiunea Politia Romana!
[20/11/2023 - 21:28] - [^3ADMIN^0] Adminul notraisen a creat masina sultanrs!
[20/11/2023 - 21:30] - [^3ADMIN^0] Adminul notraisen a activat ^3Noclip^0.
[20/11/2023 - 21:30] - [^3ADMIN^0] Adminul notraisen a dezactivat ^3Noclip^0.
[20/11/2023 - 21:30] - [^3ADMIN^0] Adminul zeen a activat ^3Noclip^0.
[20/11/2023 - 21:31] - [^3ADMIN^0] Adminul notraisen a activat ^3Noclip^0.
[20/11/2023 - 21:31] - [^3ADMIN^0] Adminul zeen a activat ^3Noclip^0.
[20/11/2023 - 21:31] - [^3ADMIN^0] Adminul zeen a dezactivat ^3Noclip^0.
[20/11/2023 - 21:31] - [^3ADMIN^0] Adminul notraisen a dezactivat ^3Noclip^0.
[20/11/2023 - 21:31] - [^3ADMIN^0] Adminul zeen a activat ^3Noclip^0.
[20/11/2023 - 21:31] - [^3ADMIN^0] Adminul zeen a dezactivat ^3Noclip^0.
[20/11/2023 - 21:31] - [^3ADMIN^0] Adminul zeen i-a setat lui zeen factiunea Politia Romana!
[20/11/2023 - 21:32] - [^3ADMIN^0] Adminul zeen a activat ^3Noclip^0.
[20/11/2023 - 21:33] - [^3ADMIN^0] Adminul zeen a dezactivat ^3Noclip^0.
[20/11/2023 - 21:34] - [^3ADMIN^0] Adminul notraisen a activat ^3Noclip^0.
[20/11/2023 - 21:34] - [^3ADMIN^0] Adminul notraisen a dezactivat ^3Noclip^0.
[20/11/2023 - 21:35] - [^3ADMIN^0] Adminul notraisen a activat ^3Noclip^0.
[20/11/2023 - 21:36] - [^3ADMIN^0] Adminul notraisen a activat ^3Noclip^0.
[20/11/2023 - 21:36] - [^3ADMIN^0] Adminul notraisen a dezactivat ^3Noclip^0.
[20/11/2023 - 21:37] - [^3ADMIN^0] Adminul notraisen a activat ^3Noclip^0.
[20/11/2023 - 21:37] - [^3ADMIN^0] Adminul notraisen a dezactivat ^3Noclip^0.
[20/11/2023 - 21:37] - [^3ADMIN^0] Adminul notraisen a activat ^3Noclip^0.
[20/11/2023 - 21:37] - [^3ADMIN^0] Adminul notraisen a dezactivat ^3Noclip^0.
[20/11/2023 - 21:39] - [^3ADMIN^0] Adminul notraisen a activat ^3Noclip^0.
[20/11/2023 - 21:39] - [^3ADMIN^0] Adminul notraisen a dezactivat ^3Noclip^0.
[20/11/2023 - 21:40] - [^3ADMIN^0] Adminul notraisen a activat ^3Noclip^0.
[20/11/2023 - 21:40] - [^3ADMIN^0] Adminul notraisen a dezactivat ^3Noclip^0.
[20/11/2023 - 21:40] - [^3ADMIN^0] Adminul notraisen a activat ^3Noclip^0.
[20/11/2023 - 21:40] - [^3ADMIN^0] Adminul notraisen a dezactivat ^3Noclip^0.
[20/11/2023 - 21:42] - [^3ADMIN^0] Adminul notraisen a activat ^3Noclip^0.
[20/11/2023 - 21:42] - [^3ADMIN^0] Adminul notraisen a dezactivat ^3Noclip^0.
[20/11/2023 - 21:42] - [^3ADMIN^0] Adminul notraisen a activat ^3Noclip^0.
[20/11/2023 - 21:42] - [^3ADMIN^0] Adminul notraisen a dezactivat ^3Noclip^0.
[20/11/2023 - 22:08] - [^3ADMIN^0] Adminul notraisen a activat ^3Noclip^0.
[20/11/2023 - 22:08] - [^3ADMIN^0] Adminul notraisen a dezactivat ^3Noclip^0.
[20/11/2023 - 22:08] - [^3ADMIN^0] Adminul notraisen a activat ^3Noclip^0.
[20/11/2023 - 22:23] - [^3ADMIN^0] Adminul notraisen a creat masina sultanrs!
[20/11/2023 - 22:24] - [^3ADMIN^0] Adminul notraisen a creat masina sultanrs!
[20/11/2023 - 22:27] - [^3ADMIN^0] Adminul notraisen a creat masina fbi2!
[20/11/2023 - 22:35] - [^3ADMIN^0] Adminul zeen s-a teleportat la notraisen!
[20/11/2023 - 22:55] - [^3ADMIN^0] Adminul notraisen a copiat coordonatele!
[20/11/2023 - 22:56] - [^3ADMIN^0] Adminul notraisen a activat ^3Noclip^0.
[20/11/2023 - 22:57] - [^3ADMIN^0] Adminul notraisen a dezactivat ^3Noclip^0.
[20/11/2023 - 22:57] - [^3ADMIN^0] Adminul notraisen a copiat coordonatele!
[20/11/2023 - 22:57] - [^3ADMIN^0] Adminul notraisen a copiat coordonatele!
[20/11/2023 - 22:57] - [^3ADMIN^0] Adminul notraisen a copiat coordonatele!
[20/11/2023 - 22:58] - [^3ADMIN^0] Adminul notraisen a copiat coordonatele!
[20/11/2023 - 22:58] - [^3ADMIN^0] Adminul notraisen a copiat coordonatele!
[20/11/2023 - 22:58] - [^3ADMIN^0] Adminul notraisen a copiat coordonatele!
[20/11/2023 - 22:58] - [^3ADMIN^0] Adminul notraisen a copiat coordonatele!
[20/11/2023 - 22:58] - [^3ADMIN^0] Adminul notraisen a copiat coordonatele!
[20/11/2023 - 23:04] - [^3ADMIN^0] Adminul notraisen a activat ^3Noclip^0.
[20/11/2023 - 23:04] - [^3ADMIN^0] Adminul notraisen a dezactivat ^3Noclip^0.
[20/11/2023 - 23:04] - [^3ADMIN^0] Adminul notraisen a activat ^3Noclip^0.
[20/11/2023 - 23:05] - [^3ADMIN^0] Adminul notraisen a activat ^3Noclip^0.
[20/11/2023 - 23:05] - [^3ADMIN^0] Adminul notraisen a dezactivat ^3Noclip^0.
[20/11/2023 - 23:10] - [^3ADMIN^0] Adminul notraisen a activat ^3Noclip^0.
[20/11/2023 - 23:10] - [^3ADMIN^0] Adminul notraisen a dezactivat ^3Noclip^0.
[20/11/2023 - 23:10] - [^3ADMIN^0] Adminul notraisen a activat ^3Noclip^0.
[20/11/2023 - 23:10] - [^3ADMIN^0] Adminul notraisen a dezactivat ^3Noclip^0.
[20/11/2023 - 23:15] - [^3ADMIN^0] Adminul notraisen a creat masina sultanrs!
[20/11/2023 - 23:15] - [^3ADMIN^0] Adminul notraisen a creat masina asbo!
[20/11/2023 - 23:49] - arest
[21/11/2023 - 00:00] - arest
[21/11/2023 - 00:00] - unarest
[21/11/2023 - 00:01] - arest